2026-02-19 16:55:38 | User 1 | Table units | Method GET
2026-02-19 17:16:37 | User 1 | Table units | Method GET
2026-02-19 17:17:42 | User 1 | Table units | Method GET
2026-02-19 17:17:52 | User 1 | Table units | Method GET
2026-02-19 17:26:13 | User 1 | Table menu_categories | Method GET
2026-02-19 17:26:13 | User 1 | Table units | Method GET
2026-02-19 17:35:11 | User 1 | Table units | Method GET
2026-02-19 17:35:11 | User 1 | Table menu_categories | Method GET
2026-02-19 17:35:57 | User 1 | Table units | Method GET
2026-02-19 17:35:57 | User 1 | Table menu_categories | Method GET
2026-02-19 17:40:17 | User 1 | Table units | Method GET
2026-02-19 17:40:17 | User 1 | Table ingredient_categories | Method GET
2026-02-19 17:42:41 | User 1 | Table units | Method GET
2026-02-19 17:42:41 | User 1 | Table ingredient_categories | Method GET
2026-02-19 17:44:05 | User 1 | Table units | Method GET
2026-02-19 17:44:05 | User 1 | Table ingredient_categories | Method GET
2026-02-19 17:44:05 | User 1 | Table units | Method GET
2026-02-19 17:44:05 | User 1 | Table ingredient_categories | Method GET
2026-02-19 17:44:05 | User 1 | Table units | Method GET
2026-02-19 17:44:05 | User 1 | Table ingredient_categories | Method GET
2026-02-19 17:44:05 | User 1 | Table ingredient_categories | Method GET
2026-02-19 17:44:05 | User 1 | Table units | Method GET
2026-02-19 17:44:06 | User 1 | Table units | Method GET
2026-02-19 17:44:06 | User 1 | Table ingredient_categories | Method GET
2026-02-19 17:48:37 | User 1 | Table units | Method GET
2026-02-19 17:48:37 | User 1 | Table ingredient_categories | Method GET
2026-02-19 17:48:37 | User 1 | Table units | Method GET
2026-02-19 17:48:37 | User 1 | Table ingredient_categories | Method GET
2026-02-19 17:52:52 | User 1 | Table units | Method GET
2026-02-19 17:52:52 | User 1 | Table ingredient_categories | Method GET
2026-02-19 17:57:10 | User 1 | Table units | Method GET
2026-02-19 17:57:10 | User 1 | Table ingredient_categories | Method GET
2026-02-19 17:57:10 | User 1 | Table units | Method GET
2026-02-19 17:58:53 | User 1 | Table units | Method GET
2026-02-19 17:58:53 | User 1 | Table units | Method GET
2026-02-19 17:58:53 | User 1 | Table ingredient_categories | Method GET
2026-02-19 17:59:00 | User 1 | Table ingredient_categories | Method GET
2026-02-19 17:59:00 | User 1 | Table units | Method GET
2026-02-19 17:59:00 | User 1 | Table  | Method POST
2026-02-19 18:00:07 | User 1 | Table units | Method GET
2026-02-19 18:00:07 | User 1 | Table ingredient_categories | Method GET
2026-02-19 18:00:07 | User 1 | Table units | Method GET
2026-02-19 18:02:41 | User 1 | Table units | Method GET
2026-02-19 18:02:41 | User 1 | Table ingredient_categories | Method GET
2026-02-19 18:02:41 | User 1 | Table units | Method GET
2026-02-19 18:09:13 | User 1 | Table units | Method GET
2026-02-19 18:09:13 | User 1 | Table ingredient_categories | Method GET
2026-02-19 18:09:13 | User 1 | Table units | Method GET
2026-02-19 18:09:16 | User 1 | Table ingredient_categories | Method GET
2026-02-19 18:09:16 | User 1 | Table units | Method GET
2026-02-19 18:09:16 | User 1 | Table units | Method GET
2026-02-19 18:09:16 | User 1 | Table units | Method GET
2026-02-19 18:09:16 | User 1 | Table ingredient_categories | Method GET
2026-02-19 18:09:16 | User 1 | Table units | Method GET
2026-02-19 18:09:16 | User 1 | Table units | Method GET
2026-02-19 18:09:16 | User 1 | Table ingredient_categories | Method GET
2026-02-19 18:09:16 | User 1 | Table units | Method GET
2026-02-19 18:09:41 | User 1 | Table units | Method GET
2026-02-19 18:09:41 | User 1 | Table units | Method GET
2026-02-19 18:09:52 | User 1 | Table units | Method GET
2026-02-19 18:09:52 | User 1 | Table ingredient_categories | Method GET
2026-02-19 18:09:52 | User 1 | Table units | Method GET
2026-02-19 18:11:55 | User 1 | Table units | Method GET
2026-02-19 18:11:55 | User 1 | Table ingredient_categories | Method GET
2026-02-19 18:11:55 | User 1 | Table units | Method GET
2026-02-19 18:13:08 | User 1 | Table ingredient_categories | Method GET
2026-02-19 18:13:08 | User 1 | Table units | Method GET
2026-02-19 18:13:08 | User 1 | Table units | Method GET
2026-02-19 18:13:41 | User 1 | Table units | Method GET
2026-02-19 18:13:41 | User 1 | Table ingredient_categories | Method GET
2026-02-19 18:13:41 | User 1 | Table units | Method GET
2026-02-19 18:14:42 | User 1 | Table units | Method GET
2026-02-19 18:14:42 | User 1 | Table ingredient_categories | Method GET
2026-02-19 18:14:42 | User 1 | Table units | Method GET
2026-02-19 18:18:36 | User 1 | Table units | Method GET
2026-02-19 18:18:36 | User 1 | Table ingredient_categories | Method GET
2026-02-19 18:18:36 | User 1 | Table units | Method GET
2026-02-19 18:20:26 | User 1 | Table units | Method GET
2026-02-19 18:22:48 | User 1 | Table ingredient_categories | Method GET
2026-02-19 18:22:49 | User 1 | Table units | Method GET
2026-02-19 18:23:22 | User 1 | Table ingredient_categories | Method GET
2026-02-19 18:23:23 | User 1 | Table units | Method GET
2026-02-19 18:29:18 | User 1 | Table units | Method GET
2026-02-19 18:35:20 | User 1 | Table units | Method GET
2026-02-19 18:35:39 | User 1 | Table units | Method GET
2026-02-19 18:35:46 | User 1 | Table units | Method GET
2026-02-19 18:36:05 | User 1 | Table units | Method GET
2026-02-19 18:36:10 | User 1 | Table units | Method GET
2026-02-19 18:36:13 | User 1 | Table units | Method GET
2026-02-19 18:36:27 | User 1 | Table units | Method GET
2026-02-19 18:36:27 | User 1 | Table ingredient_categories | Method GET
2026-02-19 18:36:27 | User 1 | Table units | Method GET
2026-02-19 18:36:28 | User 1 | Table units | Method GET
2026-02-19 18:36:28 | User 1 | Table ingredient_categories | Method GET
2026-02-19 18:36:28 | User 1 | Table units | Method GET
2026-02-19 18:36:29 | User 1 | Table ingredient_categories | Method GET
2026-02-19 18:36:29 | User 1 | Table units | Method GET
2026-02-19 18:36:29 | User 1 | Table units | Method GET
2026-02-19 18:36:29 | User 1 | Table ingredient_categories | Method GET
2026-02-19 18:36:29 | User 1 | Table units | Method GET
2026-02-19 18:36:29 | User 1 | Table units | Method GET
2026-02-19 18:36:29 | User 1 | Table units | Method GET
2026-02-19 18:36:29 | User 1 | Table ingredient_categories | Method GET
2026-02-19 18:36:29 | User 1 | Table units | Method GET
2026-02-19 18:36:29 | User 1 | Table units | Method GET
2026-02-19 18:36:29 | User 1 | Table ingredient_categories | Method GET
2026-02-19 18:36:29 | User 1 | Table units | Method GET
2026-02-19 18:36:30 | User 1 | Table ingredient_categories | Method GET
2026-02-19 18:36:30 | User 1 | Table units | Method GET
2026-02-19 18:36:30 | User 1 | Table units | Method GET
2026-02-19 18:36:31 | User 1 | Table units | Method GET
2026-02-19 18:36:31 | User 1 | Table ingredient_categories | Method GET
2026-02-19 18:36:31 | User 1 | Table units | Method GET
2026-02-19 18:36:38 | User 1 | Table units | Method GET
2026-02-19 18:36:38 | User 1 | Table ingredient_categories | Method GET
2026-02-19 18:36:38 | User 1 | Table units | Method GET
2026-02-19 18:36:38 | User 1 | Table units | Method GET
2026-02-19 18:36:38 | User 1 | Table ingredient_categories | Method GET
2026-02-19 18:36:38 | User 1 | Table units | Method GET
2026-02-19 18:36:39 | User 1 | Table units | Method GET
2026-02-19 18:36:39 | User 1 | Table ingredient_categories | Method GET
2026-02-19 18:36:39 | User 1 | Table units | Method GET
2026-02-19 18:36:39 | User 1 | Table units | Method GET
2026-02-19 18:36:39 | User 1 | Table ingredient_categories | Method GET
2026-02-19 18:36:39 | User 1 | Table units | Method GET
2026-02-19 18:36:39 | User 1 | Table units | Method GET
2026-02-19 18:36:39 | User 1 | Table ingredient_categories | Method GET
2026-02-19 18:36:39 | User 1 | Table units | Method GET
2026-02-19 18:36:55 | User 1 | Table units | Method GET
2026-02-19 18:36:55 | User 1 | Table ingredient_categories | Method GET
2026-02-19 18:36:55 | User 1 | Table units | Method GET
2026-02-19 18:42:50 | User 1 | Table units | Method GET
2026-02-19 18:42:50 | User 1 | Table ingredient_categories | Method GET
2026-02-19 18:42:50 | User 1 | Table ingredient_categories | Method GET
2026-02-19 18:42:50 | User 1 | Table units | Method GET
2026-02-19 19:15:27 | User 1 | Table units | Method GET
2026-02-19 19:15:27 | User 1 | Table ingredient_categories | Method GET
2026-02-19 19:19:12 | User 1 | Table units | Method GET
2026-02-19 19:19:12 | User 1 | Table ingredient_categories | Method GET
2026-02-19 19:19:30 | User 1 | Table ingredient_categories | Method GET
2026-02-19 19:19:30 | User 1 | Table units | Method GET
2026-02-19 19:19:40 | User 1 | Table ingredient_categories | Method GET
2026-02-19 19:19:40 | User 1 | Table units | Method GET
2026-02-19 19:21:27 | User 1 | Table ingredient_categories | Method GET
2026-02-19 19:21:27 | User 1 | Table units | Method GET
2026-02-19 19:21:35 | User 1 | Table ingredient_categories | Method GET
2026-02-19 19:21:35 | User 1 | Table units | Method GET
2026-02-19 19:21:46 | User 1 | Table ingredient_categories | Method GET
2026-02-19 19:21:46 | User 1 | Table units | Method GET
2026-02-19 19:25:50 | User 1 | Table units | Method GET
2026-02-19 19:25:50 | User 1 | Table ingredient_categories | Method GET
2026-02-19 19:25:58 | User 1 | Table ingredient_categories | Method GET
2026-02-19 19:25:58 | User 1 | Table units | Method GET
2026-02-19 19:26:08 | User 1 | Table ingredient_categories | Method GET
2026-02-19 19:26:08 | User 1 | Table units | Method GET
2026-02-19 19:27:46 | User 1 | Table units | Method GET
2026-02-19 19:27:46 | User 1 | Table ingredient_categories | Method GET
2026-02-19 19:27:51 | User 1 | Table  | Method POST
2026-02-19 19:29:16 | User 1 | Table units | Method GET
2026-02-19 19:29:16 | User 1 | Table ingredient_categories | Method GET
2026-02-19 19:29:18 | User 1 | Table ingredient_categories | Method GET
2026-02-19 19:29:18 | User 1 | Table units | Method GET
2026-02-19 19:29:21 | User 1 | Table ingredient_categories | Method GET
2026-02-19 19:29:21 | User 1 | Table units | Method GET
2026-02-19 19:29:27 | User 1 | Table  | Method PUT
2026-02-19 19:32:44 | User 1 | Table units | Method GET
2026-02-19 19:32:44 | User 1 | Table ingredient_categories | Method GET
2026-02-19 19:32:44 | User 1 | Table ingredients | Method GET
2026-02-19 19:32:44 | User 1 | Table ingredient_categories | Method GET
2026-02-19 19:32:44 | User 1 | Table units | Method GET
2026-02-19 19:32:58 | User 1 | Table ingredient_categories | Method GET
2026-02-19 19:32:58 | User 1 | Table units | Method GET
2026-02-19 19:33:01 | User 1 | Table ingredient_categories | Method GET
2026-02-19 19:33:01 | User 1 | Table units | Method GET
2026-02-19 19:33:03 | User 1 | Table ingredient_categories | Method GET
2026-02-19 19:33:03 | User 1 | Table units | Method GET
2026-02-19 19:33:13 | User 1 | Table  | Method PUT
2026-02-19 19:33:13 | User 1 | Table ingredients | Method GET
2026-02-19 19:33:13 | User 1 | Table ingredient_categories | Method GET
2026-02-19 19:33:13 | User 1 | Table units | Method GET
2026-02-19 19:33:16 | User 1 | Table units | Method GET
2026-02-19 19:33:16 | User 1 | Table ingredient_categories | Method GET
2026-02-19 19:33:16 | User 1 | Table ingredients | Method GET
2026-02-19 19:33:17 | User 1 | Table ingredient_categories | Method GET
2026-02-19 19:33:17 | User 1 | Table units | Method GET
2026-02-19 19:33:32 | User 1 | Table ingredient_categories | Method GET
2026-02-19 19:33:32 | User 1 | Table units | Method GET
2026-02-19 19:33:39 | User 1 | Table  | Method POST
2026-02-19 19:33:39 | User 1 | Table ingredients | Method GET
2026-02-19 19:33:39 | User 1 | Table ingredient_categories | Method GET
2026-02-19 19:33:39 | User 1 | Table units | Method GET
2026-02-19 19:33:56 | User 1 | Table ingredient_categories | Method GET
2026-02-19 19:33:56 | User 1 | Table units | Method GET
2026-02-19 19:34:00 | User 1 | Table ingredient_categories | Method GET
2026-02-19 19:34:00 | User 1 | Table units | Method GET
2026-02-19 19:34:09 | User 1 | Table units | Method GET
2026-02-19 19:34:09 | User 1 | Table ingredient_categories | Method GET
2026-02-19 19:34:09 | User 1 | Table ingredients | Method GET
2026-02-19 19:34:09 | User 1 | Table ingredient_categories | Method GET
2026-02-19 19:34:09 | User 1 | Table units | Method GET
2026-02-19 19:34:15 | User 1 | Table units | Method GET
2026-02-19 19:34:15 | User 1 | Table ingredient_categories | Method GET
2026-02-19 19:34:15 | User 1 | Table ingredients | Method GET
2026-02-19 19:34:15 | User 1 | Table ingredient_categories | Method GET
2026-02-19 19:34:15 | User 1 | Table units | Method GET
2026-02-19 19:34:17 | User 1 | Table ingredient_categories | Method GET
2026-02-19 19:34:17 | User 1 | Table units | Method GET
2026-02-19 19:37:56 | User 1 | Table ingredients | Method GET
2026-02-19 19:37:56 | User 1 | Table ingredient_categories | Method GET
2026-02-19 19:37:56 | User 1 | Table units | Method GET
2026-02-19 19:38:17 | User 1 | Table units | Method GET
2026-02-19 19:38:17 | User 1 | Table ingredient_categories | Method GET
2026-02-19 19:38:17 | User 1 | Table ingredients | Method GET
2026-02-19 19:38:17 | User 1 | Table ingredient_categories | Method GET
2026-02-19 19:38:17 | User 1 | Table units | Method GET
2026-02-19 19:38:19 | User 1 | Table ingredient_categories | Method GET
2026-02-19 19:38:19 | User 1 | Table units | Method GET
2026-02-19 19:38:22 | User 1 | Table ingredient_categories | Method GET
2026-02-19 19:38:22 | User 1 | Table units | Method GET
2026-02-19 19:38:29 | User 1 | Table  | Method PUT
2026-02-19 19:38:29 | User 1 | Table ingredients | Method GET
2026-02-19 19:38:29 | User 1 | Table ingredient_categories | Method GET
2026-02-19 19:38:29 | User 1 | Table units | Method GET
2026-02-19 19:38:35 | User 1 | Table ingredients | Method GET
2026-02-19 19:38:35 | User 1 | Table ingredient_categories | Method GET
2026-02-19 19:38:35 | User 1 | Table units | Method GET
2026-02-19 19:38:38 | User 1 | Table units | Method GET
2026-02-19 19:38:38 | User 1 | Table ingredient_categories | Method GET
2026-02-19 19:38:38 | User 1 | Table ingredients | Method GET
2026-02-19 19:38:38 | User 1 | Table ingredient_categories | Method GET
2026-02-19 19:38:38 | User 1 | Table units | Method GET
2026-02-19 19:40:10 | User 1 | Table units | Method GET
2026-02-19 19:40:10 | User 1 | Table ingredient_categories | Method GET
2026-02-19 19:40:10 | User 1 | Table ingredients | Method GET
2026-02-19 19:40:10 | User 1 | Table ingredient_categories | Method GET
2026-02-19 19:40:10 | User 1 | Table units | Method GET
2026-02-19 19:40:11 | User 1 | Table ingredients | Method GET
2026-02-19 19:40:12 | User 1 | Table ingredient_categories | Method GET
2026-02-19 19:40:12 | User 1 | Table units | Method GET
2026-02-19 19:40:19 | User 1 | Table ingredients | Method GET
2026-02-19 19:40:21 | User 1 | Table  | Method DELETE
2026-02-19 19:40:21 | User 1 | Table ingredients | Method GET
2026-02-19 19:40:21 | User 1 | Table ingredient_categories | Method GET
2026-02-19 19:40:21 | User 1 | Table units | Method GET
2026-02-19 19:40:48 | User 1 | Table units | Method GET
2026-02-19 19:40:48 | User 1 | Table ingredient_categories | Method GET
2026-02-19 19:40:48 | User 1 | Table ingredients | Method GET
2026-02-19 19:40:49 | User 1 | Table ingredient_categories | Method GET
2026-02-19 19:40:49 | User 1 | Table units | Method GET
2026-02-19 19:41:00 | User 1 | Table ingredients | Method GET
2026-02-19 19:41:00 | User 1 | Table ingredient_categories | Method GET
2026-02-19 19:41:00 | User 1 | Table units | Method GET
2026-02-19 19:41:02 | User 1 | Table ingredients | Method GET
2026-02-19 19:41:02 | User 1 | Table ingredient_categories | Method GET
2026-02-19 19:41:02 | User 1 | Table units | Method GET
2026-02-19 19:41:04 | User 1 | Table ingredients | Method GET
2026-02-19 19:41:04 | User 1 | Table ingredient_categories | Method GET
2026-02-19 19:41:04 | User 1 | Table units | Method GET
2026-02-19 19:42:41 | User 1 | Table units | Method GET
2026-02-19 19:42:41 | User 1 | Table ingredient_categories | Method GET
2026-02-19 19:42:41 | User 1 | Table ingredients | Method GET
2026-02-19 19:42:41 | User 1 | Table ingredient_categories | Method GET
2026-02-19 19:42:41 | User 1 | Table units | Method GET
2026-02-19 19:42:42 | User 1 | Table ingredients | Method GET
2026-02-19 19:42:42 | User 1 | Table ingredient_categories | Method GET
2026-02-19 19:42:42 | User 1 | Table units | Method GET
2026-02-19 19:42:53 | User 1 | Table units | Method GET
2026-02-19 19:42:53 | User 1 | Table ingredient_categories | Method GET
2026-02-19 19:42:53 | User 1 | Table ingredients | Method GET
2026-02-19 19:42:53 | User 1 | Table ingredient_categories | Method GET
2026-02-19 19:42:53 | User 1 | Table units | Method GET
2026-02-19 19:42:58 | User 1 | Table ingredient_categories | Method GET
2026-02-19 19:42:58 | User 1 | Table units | Method GET
2026-02-19 19:44:56 | User 1 | Table units | Method GET
2026-02-19 19:44:56 | User 1 | Table ingredient_categories | Method GET
2026-02-19 19:44:56 | User 1 | Table ingredients | Method GET
2026-02-19 19:44:56 | User 1 | Table ingredient_categories | Method GET
2026-02-19 19:44:56 | User 1 | Table units | Method GET
2026-02-19 19:45:31 | User 1 | Table ingredient_categories | Method GET
2026-02-19 19:45:31 | User 1 | Table units | Method GET
2026-02-19 19:45:31 | User 1 | Table ingredients | Method GET
2026-02-19 19:45:31 | User 1 | Table ingredient_categories | Method GET
2026-02-19 19:45:31 | User 1 | Table units | Method GET
2026-02-19 19:45:47 | User 1 | Table units | Method GET
2026-02-19 19:45:47 | User 1 | Table ingredient_categories | Method GET
2026-02-19 19:45:47 | User 1 | Table ingredients | Method GET
2026-02-19 19:45:47 | User 1 | Table ingredient_categories | Method GET
2026-02-19 19:45:47 | User 1 | Table units | Method GET
2026-02-19 19:51:58 | User 1 | Table roles | Method GET
2026-02-19 19:51:58 | User 1 | Table roles | Method GET
2026-02-19 19:51:58 | User 1 | Table users | Method GET
2026-02-19 19:51:58 | User 1 | Table users | Method GET
2026-02-19 19:51:58 | User 1 | Table  | Method POST
2026-02-19 19:51:58 | User 1 | Table  | Method POST
2026-02-19 19:55:36 | User 1 | Table users | Method GET
2026-02-19 19:57:23 | User 1 | Table users | Method GET
2026-02-19 19:57:23 | User 1 | Table users | Method GET
2026-02-19 19:57:52 | User 1 | Table users | Method GET
2026-02-19 19:57:52 | User 1 | Table users | Method GET
2026-02-19 19:57:52 | User 1 | Table users | Method GET
2026-02-19 19:57:52 | User 1 | Table users | Method GET
2026-02-19 19:57:53 | User 1 | Table users | Method GET
2026-02-19 19:57:53 | User 1 | Table users | Method GET
2026-02-19 19:57:53 | User 1 | Table users | Method GET
2026-02-19 19:57:53 | User 1 | Table users | Method GET
2026-02-19 19:57:53 | User 1 | Table users | Method GET
2026-02-19 19:57:53 | User 1 | Table users | Method GET
2026-02-19 19:57:53 | User 1 | Table users | Method GET
2026-02-19 19:57:53 | User 1 | Table users | Method GET
2026-02-19 19:57:53 | User 1 | Table users | Method GET
2026-02-19 19:57:53 | User 1 | Table users | Method GET
2026-02-19 19:59:02 | User 1 | Table users | Method GET
2026-02-19 20:01:20 | User 1 | Table users | Method GET
2026-02-19 20:01:20 | User 1 | Table users | Method GET
2026-02-19 20:01:25 | User 1 | Table users | Method GET
2026-02-19 20:01:25 | User 1 | Table roles | Method GET
2026-02-19 20:01:45 | User 1 | Table users | Method GET
2026-02-19 20:01:46 | User 1 | Table users | Method GET
2026-02-19 20:04:07 | User 1 | Table users | Method GET
2026-02-19 20:04:07 | User 1 | Table users | Method GET
2026-02-19 20:04:53 | User 1 | Table users | Method GET
2026-02-19 20:04:53 | User 1 | Table roles | Method GET
2026-02-19 20:04:53 | User 1 | Table users | Method GET
2026-02-19 20:05:00 | User 1 | Table users | Method GET
2026-02-19 20:05:00 | User 1 | Table roles | Method GET
2026-02-19 20:05:15 | User 1 | Table roles | Method GET
2026-02-19 20:05:15 | User 1 | Table users | Method GET
2026-02-19 20:05:15 | User 1 | Table  | Method PUT
2026-02-19 20:05:15 | User 1 | Table users | Method GET
2026-02-19 20:05:15 | User 1 | Table roles | Method GET
2026-02-19 20:05:15 | User 1 | Table users | Method GET
2026-02-19 20:05:19 | User 1 | Table users | Method GET
2026-02-19 20:05:19 | User 1 | Table roles | Method GET
2026-02-19 20:05:22 | User 1 | Table users | Method GET
2026-02-19 20:05:22 | User 1 | Table roles | Method GET
2026-02-19 20:06:15 | User 1 | Table users | Method GET
2026-02-19 20:06:15 | User 1 | Table roles | Method GET
2026-02-19 20:06:15 | User 1 | Table users | Method GET
2026-02-19 20:10:07 | User 1 | Table users | Method GET
2026-02-19 20:10:07 | User 1 | Table roles | Method GET
2026-02-19 20:10:07 | User 1 | Table users | Method GET
2026-02-19 20:11:19 | User 1 | Table roles | Method GET
2026-02-19 20:11:19 | User 1 | Table users | Method GET
2026-02-19 20:11:19 | User 1 | Table roles | Method GET
2026-02-19 20:11:19 | User 1 | Table users | Method GET
2026-02-19 20:11:32 | User 1 | Table users | Method GET
2026-02-19 20:11:32 | User 1 | Table roles | Method GET
2026-02-19 20:12:06 | User 1 | Table roles | Method GET
2026-02-19 20:12:06 | User 1 | Table roles | Method GET
2026-02-19 20:12:06 | User 1 | Table users | Method GET
2026-02-19 20:12:06 | User 1 | Table roles | Method GET
2026-02-19 20:12:06 | User 1 | Table users | Method GET
2026-02-19 20:12:08 | User 1 | Table users | Method GET
2026-02-19 20:12:08 | User 1 | Table roles | Method GET
2026-02-19 20:12:20 | User 1 | Table users | Method GET
2026-02-19 20:12:48 | User 1 | Table roles | Method GET
2026-02-19 20:12:48 | User 1 | Table roles | Method GET
2026-02-19 20:12:48 | User 1 | Table users | Method GET
2026-02-19 20:12:48 | User 1 | Table roles | Method GET
2026-02-19 20:12:48 | User 1 | Table users | Method GET
2026-02-19 20:12:51 | User 1 | Table users | Method GET
2026-02-19 20:12:52 | User 1 | Table  | Method PUT
2026-02-19 20:12:53 | User 1 | Table users | Method GET
2026-02-19 20:12:53 | User 1 | Table roles | Method GET
2026-02-19 20:12:53 | User 1 | Table users | Method GET
2026-02-19 20:12:56 | User 1 | Table roles | Method GET
2026-02-19 20:12:56 | User 1 | Table users | Method GET
2026-02-19 20:12:56 | User 1 | Table roles | Method GET
2026-02-19 20:12:56 | User 1 | Table roles | Method GET
2026-02-19 20:12:56 | User 1 | Table users | Method GET
2026-02-19 20:12:57 | User 1 | Table roles | Method GET
2026-02-19 20:12:57 | User 1 | Table users | Method GET
2026-02-19 20:12:57 | User 1 | Table roles | Method GET
2026-02-19 20:12:57 | User 1 | Table roles | Method GET
2026-02-19 20:12:57 | User 1 | Table users | Method GET
2026-02-19 20:12:59 | User 1 | Table ingredient_categories | Method GET
2026-02-19 20:12:59 | User 1 | Table units | Method GET
2026-02-19 20:12:59 | User 1 | Table ingredients | Method GET
2026-02-19 20:12:59 | User 1 | Table ingredient_categories | Method GET
2026-02-19 20:12:59 | User 1 | Table units | Method GET
2026-02-19 20:13:00 | User 1 | Table roles | Method GET
2026-02-19 20:13:00 | User 1 | Table users | Method GET
2026-02-19 20:13:00 | User 1 | Table roles | Method GET
2026-02-19 20:13:00 | User 1 | Table roles | Method GET
2026-02-19 20:13:00 | User 1 | Table users | Method GET
2026-02-19 20:13:05 | User 1 | Table users | Method GET
2026-02-19 20:13:07 | User 1 | Table users | Method GET
2026-02-19 20:13:07 | User 1 | Table users | Method GET
2026-02-19 20:13:07 | User 1 | Table users | Method GET
2026-02-19 20:14:36 | User 1 | Table roles | Method GET
2026-02-19 20:14:36 | User 1 | Table users | Method GET
2026-02-19 20:14:36 | User 1 | Table roles | Method GET
2026-02-19 20:14:36 | User 1 | Table roles | Method GET
2026-02-19 20:14:36 | User 1 | Table users | Method GET
2026-02-19 20:14:37 | User 1 | Table users | Method GET
2026-02-19 20:14:37 | User 1 | Table roles | Method GET
2026-02-19 20:14:37 | User 1 | Table roles | Method GET
2026-02-19 20:14:37 | User 1 | Table roles | Method GET
2026-02-19 20:14:37 | User 1 | Table users | Method GET
2026-02-19 20:14:40 | User 1 | Table roles | Method GET
2026-02-19 20:14:40 | User 1 | Table users | Method GET
2026-02-19 20:14:40 | User 1 | Table roles | Method GET
2026-02-19 20:14:40 | User 1 | Table roles | Method GET
2026-02-19 20:14:40 | User 1 | Table users | Method GET
2026-02-19 20:14:42 | User 1 | Table users | Method GET
2026-02-19 20:14:43 | User 1 | Table  | Method PUT
2026-02-19 20:14:43 | User 1 | Table users | Method GET
2026-02-19 20:14:43 | User 1 | Table roles | Method GET
2026-02-19 20:14:43 | User 1 | Table users | Method GET
2026-02-19 20:14:47 | User 1 | Table units | Method GET
2026-02-19 20:14:47 | User 1 | Table ingredient_categories | Method GET
2026-02-19 20:14:47 | User 1 | Table ingredients | Method GET
2026-02-19 20:14:47 | User 1 | Table ingredient_categories | Method GET
2026-02-19 20:14:47 | User 1 | Table units | Method GET
2026-02-19 20:14:51 | User 1 | Table roles | Method GET
2026-02-19 20:14:51 | User 1 | Table users | Method GET
2026-02-19 20:14:51 | User 1 | Table roles | Method GET
2026-02-19 20:14:51 | User 1 | Table roles | Method GET
2026-02-19 20:14:51 | User 1 | Table users | Method GET
2026-02-19 20:15:00 | User 1 | Table units | Method GET
2026-02-19 20:15:00 | User 1 | Table ingredient_categories | Method GET
2026-02-19 20:15:00 | User 1 | Table ingredients | Method GET
2026-02-19 20:15:00 | User 1 | Table ingredient_categories | Method GET
2026-02-19 20:15:00 | User 1 | Table units | Method GET
2026-02-19 20:15:26 | User 1 | Table roles | Method GET
2026-02-19 20:15:26 | User 1 | Table users | Method GET
2026-02-19 20:15:26 | User 1 | Table roles | Method GET
2026-02-19 20:15:26 | User 1 | Table roles | Method GET
2026-02-19 20:15:26 | User 1 | Table users | Method GET
2026-02-19 20:16:50 | User 1 | Table roles | Method GET
2026-02-19 20:16:50 | User 1 | Table roles | Method GET
2026-02-19 20:16:50 | User 1 | Table users | Method GET
2026-02-19 20:16:50 | User 1 | Table roles | Method GET
2026-02-19 20:16:50 | User 1 | Table users | Method GET
2026-02-19 20:16:51 | User 1 | Table units | Method GET
2026-02-19 20:16:52 | User 1 | Table ingredient_categories | Method GET
2026-02-19 20:16:52 | User 1 | Table ingredients | Method GET
2026-02-19 20:16:52 | User 1 | Table ingredient_categories | Method GET
2026-02-19 20:16:52 | User 1 | Table units | Method GET
2026-02-19 20:16:59 | User 1 | Table units | Method GET
2026-02-19 20:16:59 | User 1 | Table ingredient_categories | Method GET
2026-02-19 20:16:59 | User 1 | Table ingredients | Method GET
2026-02-19 20:16:59 | User 1 | Table ingredient_categories | Method GET
2026-02-19 20:16:59 | User 1 | Table units | Method GET
2026-02-19 20:17:03 | User 1 | Table roles | Method GET
2026-02-19 20:17:03 | User 1 | Table users | Method GET
2026-02-19 20:17:03 | User 1 | Table roles | Method GET
2026-02-19 20:17:03 | User 1 | Table roles | Method GET
2026-02-19 20:17:03 | User 1 | Table users | Method GET
2026-02-19 20:17:03 | User 1 | Table units | Method GET
2026-02-19 20:17:03 | User 1 | Table ingredient_categories | Method GET
2026-02-19 20:17:03 | User 1 | Table ingredients | Method GET
2026-02-19 20:17:03 | User 1 | Table ingredient_categories | Method GET
2026-02-19 20:17:03 | User 1 | Table units | Method GET
2026-02-19 20:17:07 | User 1 | Table units | Method GET
2026-02-19 20:17:07 | User 1 | Table ingredient_categories | Method GET
2026-02-19 20:17:07 | User 1 | Table ingredients | Method GET
2026-02-19 20:17:07 | User 1 | Table ingredient_categories | Method GET
2026-02-19 20:17:07 | User 1 | Table units | Method GET
2026-02-19 20:17:07 | User 1 | Table roles | Method GET
2026-02-19 20:17:07 | User 1 | Table users | Method GET
2026-02-19 20:17:07 | User 1 | Table roles | Method GET
2026-02-19 20:17:07 | User 1 | Table roles | Method GET
2026-02-19 20:17:07 | User 1 | Table users | Method GET
2026-02-19 20:17:08 | User 1 | Table users | Method GET
2026-02-19 20:17:08 | User 1 | Table roles | Method GET
2026-02-19 20:17:13 | User 1 | Table units | Method GET
2026-02-19 20:17:13 | User 1 | Table ingredient_categories | Method GET
2026-02-19 20:17:13 | User 1 | Table ingredients | Method GET
2026-02-19 20:17:13 | User 1 | Table ingredient_categories | Method GET
2026-02-19 20:17:13 | User 1 | Table units | Method GET
2026-02-19 20:17:14 | User 1 | Table ingredients | Method GET
2026-02-19 20:17:14 | User 1 | Table ingredient_categories | Method GET
2026-02-19 20:17:14 | User 1 | Table units | Method GET
2026-02-19 20:17:18 | User 1 | Table ingredients | Method GET
2026-02-19 20:17:18 | User 1 | Table ingredient_categories | Method GET
2026-02-19 20:17:18 | User 1 | Table units | Method GET
2026-02-19 20:19:27 | User 1 | Table units | Method GET
2026-02-19 20:19:27 | User 1 | Table ingredient_categories | Method GET
2026-02-19 20:19:27 | User 1 | Table ingredients | Method GET
2026-02-19 20:19:28 | User 1 | Table ingredient_categories | Method GET
2026-02-19 20:19:28 | User 1 | Table units | Method GET
2026-02-20 10:01:19 | User 1 | Table users | Method GET
2026-02-20 10:01:41 | User 1 | Table roles | Method GET
2026-02-20 10:01:41 | User 1 | Table users | Method GET
2026-02-20 10:01:41 | User 1 | Table roles | Method GET
2026-02-20 10:01:41 | User 1 | Table roles | Method GET
2026-02-20 10:01:41 | User 1 | Table users | Method GET
2026-02-20 10:01:49 | User 1 | Table users | Method GET
2026-02-20 10:01:52 | User 1 | Table users | Method GET
2026-02-20 10:01:53 | User 1 | Table  | Method PUT
2026-02-20 10:01:54 | User 1 | Table users | Method GET
2026-02-20 10:01:54 | User 1 | Table roles | Method GET
2026-02-20 10:01:54 | User 1 | Table users | Method GET
2026-02-20 10:02:21 | User 1 | Table users | Method GET
2026-02-20 10:02:27 | User 1 | Table users | Method GET
2026-02-20 10:02:27 | User 1 | Table users | Method GET
2026-02-20 10:02:27 | User 1 | Table users | Method GET
2026-02-20 10:02:27 | User 1 | Table users | Method GET
2026-02-20 10:02:27 | User 1 | Table users | Method GET
2026-02-20 10:02:27 | User 1 | Table users | Method GET
2026-02-20 10:02:27 | User 1 | Table users | Method GET
2026-02-20 10:02:30 | User 1 | Table users | Method GET
2026-02-20 10:02:36 | User 1 | Table users | Method GET
2026-02-20 10:02:39 | User 1 | Table  | Method PUT
2026-02-20 10:02:42 | User 1 | Table users | Method GET
2026-02-20 10:02:42 | User 1 | Table roles | Method GET
2026-02-20 10:02:42 | User 1 | Table users | Method GET
2026-02-20 10:03:19 | User 1 | Table users | Method GET
2026-02-20 10:03:20 | User 1 | Table users | Method GET
2026-02-20 10:03:20 | User 1 | Table roles | Method GET
2026-02-20 10:03:20 | User 1 | Table roles | Method GET
2026-02-20 10:03:20 | User 1 | Table roles | Method GET
2026-02-20 10:03:20 | User 1 | Table users | Method GET
2026-02-20 10:03:22 | User 1 | Table users | Method GET
2026-02-20 10:03:23 | User 1 | Table  | Method PUT
2026-02-20 10:03:23 | User 1 | Table users | Method GET
2026-02-20 10:03:23 | User 1 | Table roles | Method GET
2026-02-20 10:03:24 | User 1 | Table users | Method GET
2026-02-20 10:03:26 | User 1 | Table users | Method GET
2026-02-20 10:03:27 | User 1 | Table  | Method DELETE
2026-02-20 10:03:27 | User 1 | Table users | Method GET
2026-02-20 10:03:27 | User 1 | Table roles | Method GET
2026-02-20 10:03:27 | User 1 | Table users | Method GET
2026-02-20 10:03:40 | User 1 | Table roles | Method GET
2026-02-20 10:03:40 | User 1 | Table roles | Method GET
2026-02-20 10:03:51 | User 1 | Table roles | Method GET
2026-02-20 10:03:52 | User 1 | Table roles | Method GET
2026-02-20 10:03:52 | User 1 | Table roles | Method GET
2026-02-20 10:03:52 | User 1 | Table roles | Method GET
2026-02-20 10:03:52 | User 1 | Table roles | Method GET
2026-02-20 10:03:52 | User 1 | Table roles | Method GET
2026-02-20 10:03:52 | User 1 | Table roles | Method GET
2026-02-20 10:03:52 | User 1 | Table roles | Method GET
2026-02-20 10:03:52 | User 1 | Table roles | Method GET
2026-02-20 10:03:52 | User 1 | Table roles | Method GET
2026-02-20 10:03:52 | User 1 | Table roles | Method GET
2026-02-20 10:03:52 | User 1 | Table roles | Method GET
2026-02-20 10:03:52 | User 1 | Table roles | Method GET
2026-02-20 10:03:53 | User 1 | Table roles | Method GET
2026-02-20 10:03:53 | User 1 | Table roles | Method GET
2026-02-20 10:03:53 | User 1 | Table roles | Method GET
2026-02-20 10:03:56 | User 1 | Table roles | Method GET
2026-02-20 10:03:56 | User 1 | Table roles | Method GET
2026-02-20 10:06:28 | User 1 | Table roles | Method GET
2026-02-20 10:06:30 | User 1 | Table roles | Method GET
2026-02-20 11:20:41 | User 1 | Table roles | Method GET
2026-02-20 11:20:41 | User 1 | Table users | Method GET
2026-02-20 11:20:41 | User 1 | Table roles | Method GET
2026-02-20 11:20:41 | User 1 | Table roles | Method GET
2026-02-20 11:20:41 | User 1 | Table users | Method GET
2026-02-20 11:20:50 | User 1 | Table roles | Method GET
2026-02-20 11:20:50 | User 1 | Table roles | Method GET
2026-02-20 11:26:52 | User 1 | Table roles | Method GET
2026-02-20 11:26:52 | User 1 | Table users | Method GET
2026-02-20 11:26:52 | User 1 | Table roles | Method GET
2026-02-20 11:26:52 | User 1 | Table roles | Method GET
2026-02-20 11:26:52 | User 1 | Table users | Method GET
2026-02-20 11:27:00 | User 1 | Table roles | Method GET
2026-02-20 11:27:00 | User 1 | Table roles | Method GET
2026-02-20 11:27:00 | User 1 | Table users | Method GET
2026-02-20 11:27:00 | User 1 | Table users | Method GET
2026-02-20 11:27:00 | User 1 | Table  | Method POST
2026-02-20 11:27:00 | User 1 | Table  | Method POST
2026-02-20 11:27:00 | User 1 | Table users | Method GET
2026-02-20 11:27:00 | User 1 | Table users | Method GET
2026-02-20 11:27:00 | User 1 | Table roles | Method GET
2026-02-20 11:27:00 | User 1 | Table roles | Method GET
2026-02-20 11:27:00 | User 1 | Table users | Method GET
2026-02-20 11:27:00 | User 1 | Table users | Method GET
2026-02-20 11:27:05 | User 1 | Table users | Method GET
2026-02-20 11:27:05 | User 1 | Table roles | Method GET
2026-02-20 11:27:10 | User 1 | Table roles | Method GET
2026-02-20 11:27:10 | User 1 | Table users | Method GET
2026-02-20 11:27:10 | User 1 | Table  | Method PUT
2026-02-20 11:27:10 | User 1 | Table users | Method GET
2026-02-20 11:27:10 | User 1 | Table roles | Method GET
2026-02-20 11:27:10 | User 1 | Table users | Method GET
2026-02-20 11:27:16 | User 1 | Table users | Method GET
2026-02-20 11:27:17 | User 1 | Table  | Method PUT
2026-02-20 11:27:17 | User 1 | Table users | Method GET
2026-02-20 11:27:17 | User 1 | Table roles | Method GET
2026-02-20 11:27:17 | User 1 | Table users | Method GET
2026-02-20 11:27:22 | User 1 | Table users | Method GET
2026-02-20 11:27:23 | User 1 | Table  | Method PUT
2026-02-20 11:27:23 | User 1 | Table users | Method GET
2026-02-20 11:27:23 | User 1 | Table roles | Method GET
2026-02-20 11:27:23 | User 1 | Table users | Method GET
2026-02-20 11:27:50 | User 1 | Table users | Method GET
2026-02-20 11:27:53 | User 1 | Table roles | Method GET
2026-02-20 11:27:53 | User 1 | Table users | Method GET
2026-02-20 11:27:53 | User 1 | Table roles | Method GET
2026-02-20 11:27:53 | User 1 | Table roles | Method GET
2026-02-20 11:27:53 | User 1 | Table users | Method GET
2026-02-20 11:27:55 | User 1 | Table users | Method GET
2026-02-20 11:27:55 | User 1 | Table roles | Method GET
2026-02-20 11:28:04 | User 1 | Table roles | Method GET
2026-02-20 11:28:04 | User 1 | Table users | Method GET
2026-02-20 11:28:04 | User 1 | Table  | Method PUT
2026-02-20 11:28:04 | User 1 | Table users | Method GET
2026-02-20 11:28:04 | User 1 | Table roles | Method GET
2026-02-20 11:28:04 | User 1 | Table users | Method GET
2026-02-20 11:37:58 | User 1 | Table users | Method GET
2026-02-20 11:38:03 | User 1 | Table units | Method GET
2026-02-20 11:38:03 | User 1 | Table ingredient_categories | Method GET
2026-02-20 11:38:03 | User 1 | Table ingredients | Method GET
2026-02-20 11:38:03 | User 1 | Table ingredient_categories | Method GET
2026-02-20 11:38:03 | User 1 | Table units | Method GET
2026-02-20 13:10:48 | User 1 | Table users | Method GET
2026-02-20 13:10:48 | User 1 | Table roles | Method GET
2026-02-20 13:10:48 | User 1 | Table roles | Method GET
2026-02-20 13:10:48 | User 1 | Table roles | Method GET
2026-02-20 13:10:48 | User 1 | Table users | Method GET
2026-02-20 13:10:49 | User 1 | Table units | Method GET
2026-02-20 13:10:49 | User 1 | Table ingredient_categories | Method GET
2026-02-20 13:10:49 | User 1 | Table ingredients | Method GET
2026-02-20 13:10:49 | User 1 | Table ingredient_categories | Method GET
2026-02-20 13:10:49 | User 1 | Table units | Method GET
2026-02-20 13:10:52 | User 1 | Table roles | Method GET
2026-02-20 13:10:52 | User 1 | Table users | Method GET
2026-02-20 13:10:52 | User 1 | Table roles | Method GET
2026-02-20 13:10:52 | User 1 | Table roles | Method GET
2026-02-20 13:10:52 | User 1 | Table users | Method GET
2026-02-20 13:10:53 | User 1 | Table units | Method GET
2026-02-20 13:10:53 | User 1 | Table ingredient_categories | Method GET
2026-02-20 13:10:53 | User 1 | Table ingredients | Method GET
2026-02-20 13:10:53 | User 1 | Table ingredient_categories | Method GET
2026-02-20 13:10:53 | User 1 | Table units | Method GET
2026-02-20 13:23:50 | User 1 | Table units | Method GET
2026-02-20 13:23:50 | User 1 | Table ingredient_categories | Method GET
2026-02-20 13:23:50 | User 1 | Table ingredients | Method GET
2026-02-20 13:23:50 | User 1 | Table ingredient_categories | Method GET
2026-02-20 13:23:50 | User 1 | Table units | Method GET
2026-02-20 14:38:39 | User 1 | Table units | Method GET
2026-02-20 14:38:39 | User 1 | Table ingredient_categories | Method GET
2026-02-20 14:38:39 | User 1 | Table ingredients | Method GET
2026-02-20 14:38:39 | User 1 | Table ingredient_categories | Method GET
2026-02-20 14:38:39 | User 1 | Table units | Method GET
2026-02-20 15:00:09 | User 1 | Table menu_items | Method GET
2026-02-20 15:01:55 | User 1 | Table units | Method GET
2026-02-20 15:01:55 | User 1 | Table ingredient_categories | Method GET
2026-02-20 15:01:55 | User 1 | Table ingredients | Method GET
2026-02-20 15:01:55 | User 1 | Table ingredient_categories | Method GET
2026-02-20 15:01:55 | User 1 | Table units | Method GET
2026-02-20 15:03:48 | User 1 | Table menu_items | Method GET
2026-02-20 15:03:53 | User 1 | Table menu_items | Method GET
2026-02-20 15:03:56 | User 1 | Table menu_items | Method GET
2026-02-20 15:03:58 | User 1 | Table menu_categories | Method GET
2026-02-20 15:04:00 | User 1 | Table menu_items | Method GET
