2026-02-19 09:42:33 Request: POST  | Data: null
2026-02-19 09:42:33 POST error: SQLSTATE[23000]: Integrity constraint violation: 1452 Cannot add or update a child row: a foreign key constraint fails (`ethans_cafe`.`users`, CONSTRAINT `1` FOREIGN KEY (`role_id`) REFERENCES `roles` (`id`)) | Data: {"full_name":"Admin User","username":"admin","password_hash":"$2y$10$4WVWgPCue2SjVctR.Cc3AuvXV4xc\/eN.VnTUhqmbKT8xsxcvW0\/d2","role_id":1,"status":"active","created_at":"2026-02-19 08:42:33"}
2026-02-19 09:44:17 Request: POST  | Data: null
2026-02-19 09:45:04 Request: POST  | Data: null
2026-02-19 09:45:36 Request: POST  | Data: null
2026-02-19 09:45:36 POST error: SQLSTATE[23000]: Integrity constraint violation: 1452 Cannot add or update a child row: a foreign key constraint fails (`ethans_cafe`.`users`, CONSTRAINT `1` FOREIGN KEY (`role_id`) REFERENCES `roles` (`id`)) | Data: {"full_name":"Admin User","username":"admin","password_hash":"$2y$10$kvuKNAzo7ZBXLiFcEKRnjeA28dregX5BnaOOpkXs\/rk2MCG.bdEbW","role_id":1,"status":"active","created_at":"2026-02-19 08:45:36"}
2026-02-19 09:46:52 Request: GET roles | Data: null
2026-02-19 09:49:10 Request: POST  | Data: null
2026-02-19 09:49:10 POST error: SQLSTATE[23000]: Integrity constraint violation: 1452 Cannot add or update a child row: a foreign key constraint fails (`ethans_cafe`.`users`, CONSTRAINT `1` FOREIGN KEY (`role_id`) REFERENCES `roles` (`id`)) | Data: {"full_name":"Admin User","username":"admin","password_hash":"$2y$10$t2PGMHJIPONfgYOm2KLF8uwPJ75ZPB1njSiTlbaBCLe7bS0FwJ21a","role_id":1,"status":"active","created_at":"2026-02-19 08:49:10"}
2026-02-19 09:50:39 Request: POST users | Data: {"full_name":"Admin User","username":"admin","password_hash":"123","role_id":1,"status":"active","created_at":"2026-02-19 08:50:39","table":"users"}
2026-02-19 09:50:39 POST error: SQLSTATE[23000]: Integrity constraint violation: 1452 Cannot add or update a child row: a foreign key constraint fails (`ethans_cafe`.`users`, CONSTRAINT `1` FOREIGN KEY (`role_id`) REFERENCES `roles` (`id`)) | Data: {"full_name":"Admin User","username":"admin","password_hash":"$2y$10$Uz9L.lyo3G4vj6W7yvluneRry21G3kwJtQGIS67Za3Zfq1\/OlXO42","role_id":1,"status":"active","created_at":"2026-02-19 08:50:39"}
2026-02-19 09:54:40 Request: POST users | Data: {"full_name":"Admin User","username":"admin","password_hash":"123","role_id":1,"status":"active","created_at":"2026-02-19 08:54:40","table":"users"}
2026-02-19 16:55:38 Request: GET units | Data: []
2026-02-19 17:16:37 Request: GET units | Data: []
2026-02-19 17:17:42 Request: GET units | Data: []
2026-02-19 17:17:52 Request: GET units | Data: []
2026-02-19 17:26:13 Request: GET menu_categories | Data: []
2026-02-19 17:26:13 Request: GET units | Data: []
2026-02-19 17:35:11 Request: GET units | Data: []
2026-02-19 17:35:11 Request: GET menu_categories | Data: []
2026-02-19 17:35:57 Request: GET units | Data: []
2026-02-19 17:35:57 Request: GET menu_categories | Data: []
2026-02-19 17:40:17 Request: GET units | Data: []
2026-02-19 17:40:17 Request: GET ingredient_categories | Data: []
2026-02-19 17:42:41 Request: GET units | Data: []
2026-02-19 17:42:41 Request: GET ingredient_categories | Data: []
2026-02-19 17:44:05 Request: GET units | Data: []
2026-02-19 17:44:05 Request: GET ingredient_categories | Data: []
2026-02-19 17:44:05 Request: GET units | Data: []
2026-02-19 17:44:05 Request: GET ingredient_categories | Data: []
2026-02-19 17:44:05 Request: GET units | Data: []
2026-02-19 17:44:05 Request: GET ingredient_categories | Data: []
2026-02-19 17:44:05 Request: GET ingredient_categories | Data: []
2026-02-19 17:44:05 Request: GET units | Data: []
2026-02-19 17:44:06 Request: GET units | Data: []
2026-02-19 17:44:06 Request: GET ingredient_categories | Data: []
2026-02-19 17:48:37 Request: GET units | Data: []
2026-02-19 17:48:37 Request: GET ingredient_categories | Data: []
2026-02-19 17:48:37 Request: GET units | Data: []
2026-02-19 17:48:37 Request: GET ingredient_categories | Data: []
2026-02-19 17:52:52 Request: GET units | Data: []
2026-02-19 17:52:52 Request: GET ingredient_categories | Data: []
2026-02-19 17:57:10 Request: GET units | Data: []
2026-02-19 17:57:10 Request: GET ingredient_categories | Data: []
2026-02-19 17:57:10 Request: GET units | Data: []
2026-02-19 17:58:53 Request: GET units | Data: []
2026-02-19 17:58:53 Request: GET units | Data: []
2026-02-19 17:58:53 Request: GET ingredient_categories | Data: []
2026-02-19 17:59:00 Request: GET ingredient_categories | Data: []
2026-02-19 17:59:00 Request: GET units | Data: []
2026-02-19 17:59:00 Request: POST ingredients | Data: {"name":"asd","category_id":4,"unit_id":3,"low_stock_threshold":5,"current_quantity":0,"status":"active","table":"ingredients"}
2026-02-19 18:00:07 Request: GET units | Data: []
2026-02-19 18:00:07 Request: GET ingredient_categories | Data: []
2026-02-19 18:00:07 Request: GET units | Data: []
2026-02-19 18:02:41 Request: GET units | Data: []
2026-02-19 18:02:41 Request: GET ingredient_categories | Data: []
2026-02-19 18:02:41 Request: GET units | Data: []
2026-02-19 18:09:13 Request: GET units | Data: []
2026-02-19 18:09:13 Request: GET ingredient_categories | Data: []
2026-02-19 18:09:13 Request: GET units | Data: []
2026-02-19 18:09:16 Request: GET ingredient_categories | Data: []
2026-02-19 18:09:16 Request: GET units | Data: []
2026-02-19 18:09:16 Request: GET units | Data: []
2026-02-19 18:09:16 Request: GET units | Data: []
2026-02-19 18:09:16 Request: GET ingredient_categories | Data: []
2026-02-19 18:09:16 Request: GET units | Data: []
2026-02-19 18:09:16 Request: GET units | Data: []
2026-02-19 18:09:16 Request: GET ingredient_categories | Data: []
2026-02-19 18:09:16 Request: GET units | Data: []
2026-02-19 18:09:41 Request: GET units | Data: []
2026-02-19 18:09:41 Request: GET units | Data: []
2026-02-19 18:09:52 Request: GET units | Data: []
2026-02-19 18:09:52 Request: GET ingredient_categories | Data: []
2026-02-19 18:09:52 Request: GET units | Data: []
2026-02-19 18:11:55 Request: GET units | Data: []
2026-02-19 18:11:55 Request: GET ingredient_categories | Data: []
2026-02-19 18:11:55 Request: GET units | Data: []
2026-02-19 18:13:08 Request: GET ingredient_categories | Data: []
2026-02-19 18:13:08 Request: GET units | Data: []
2026-02-19 18:13:08 Request: GET units | Data: []
2026-02-19 18:13:41 Request: GET units | Data: []
2026-02-19 18:13:41 Request: GET ingredient_categories | Data: []
2026-02-19 18:13:41 Request: GET units | Data: []
2026-02-19 18:14:42 Request: GET units | Data: []
2026-02-19 18:14:42 Request: GET ingredient_categories | Data: []
2026-02-19 18:14:42 Request: GET units | Data: []
2026-02-19 18:18:36 Request: GET units | Data: []
2026-02-19 18:18:36 Request: GET ingredient_categories | Data: []
2026-02-19 18:18:36 Request: GET units | Data: []
2026-02-19 18:20:26 Request: GET units | Data: []
2026-02-19 18:22:48 Request: GET ingredient_categories | Data: []
2026-02-19 18:22:49 Request: GET units | Data: []
2026-02-19 18:23:23 Request: GET ingredient_categories | Data: []
2026-02-19 18:23:23 Request: GET units | Data: []
2026-02-19 18:29:19 Request: GET units | Data: []
2026-02-19 18:35:20 Request: GET units | Data: []
2026-02-19 18:35:39 Request: GET units | Data: []
2026-02-19 18:35:47 Request: GET units | Data: []
2026-02-19 18:36:05 Request: GET units | Data: []
2026-02-19 18:36:10 Request: GET units | Data: []
2026-02-19 18:36:13 Request: GET units | Data: []
2026-02-19 18:36:27 Request: GET units | Data: []
2026-02-19 18:36:27 Request: GET ingredient_categories | Data: []
2026-02-19 18:36:27 Request: GET units | Data: []
2026-02-19 18:36:28 Request: GET units | Data: []
2026-02-19 18:36:28 Request: GET ingredient_categories | Data: []
2026-02-19 18:36:28 Request: GET units | Data: []
2026-02-19 18:36:29 Request: GET ingredient_categories | Data: []
2026-02-19 18:36:29 Request: GET units | Data: []
2026-02-19 18:36:29 Request: GET units | Data: []
2026-02-19 18:36:29 Request: GET ingredient_categories | Data: []
2026-02-19 18:36:29 Request: GET units | Data: []
2026-02-19 18:36:29 Request: GET units | Data: []
2026-02-19 18:36:29 Request: GET units | Data: []
2026-02-19 18:36:29 Request: GET ingredient_categories | Data: []
2026-02-19 18:36:29 Request: GET units | Data: []
2026-02-19 18:36:29 Request: GET units | Data: []
2026-02-19 18:36:29 Request: GET ingredient_categories | Data: []
2026-02-19 18:36:29 Request: GET units | Data: []
2026-02-19 18:36:30 Request: GET ingredient_categories | Data: []
2026-02-19 18:36:30 Request: GET units | Data: []
2026-02-19 18:36:30 Request: GET units | Data: []
2026-02-19 18:36:31 Request: GET units | Data: []
2026-02-19 18:36:31 Request: GET ingredient_categories | Data: []
2026-02-19 18:36:31 Request: GET units | Data: []
2026-02-19 18:36:38 Request: GET units | Data: []
2026-02-19 18:36:38 Request: GET ingredient_categories | Data: []
2026-02-19 18:36:38 Request: GET units | Data: []
2026-02-19 18:36:38 Request: GET units | Data: []
2026-02-19 18:36:38 Request: GET ingredient_categories | Data: []
2026-02-19 18:36:38 Request: GET units | Data: []
2026-02-19 18:36:39 Request: GET units | Data: []
2026-02-19 18:36:39 Request: GET ingredient_categories | Data: []
2026-02-19 18:36:39 Request: GET units | Data: []
2026-02-19 18:36:39 Request: GET units | Data: []
2026-02-19 18:36:39 Request: GET ingredient_categories | Data: []
2026-02-19 18:36:39 Request: GET units | Data: []
2026-02-19 18:36:39 Request: GET units | Data: []
2026-02-19 18:36:39 Request: GET ingredient_categories | Data: []
2026-02-19 18:36:39 Request: GET units | Data: []
2026-02-19 18:36:55 Request: GET units | Data: []
2026-02-19 18:36:55 Request: GET ingredient_categories | Data: []
2026-02-19 18:36:55 Request: GET units | Data: []
2026-02-19 18:42:50 Request: GET units | Data: []
2026-02-19 18:42:50 Request: GET ingredient_categories | Data: []
2026-02-19 18:42:50 Request: GET ingredient_categories | Data: []
2026-02-19 18:42:50 Request: GET units | Data: []
2026-02-19 19:15:27 Request: GET units | Data: []
2026-02-19 19:15:27 Request: GET ingredient_categories | Data: []
2026-02-19 19:19:12 Request: GET units | Data: []
2026-02-19 19:19:12 Request: GET ingredient_categories | Data: []
2026-02-19 19:19:30 Request: GET ingredient_categories | Data: []
2026-02-19 19:19:30 Request: GET units | Data: []
2026-02-19 19:19:40 Request: GET ingredient_categories | Data: []
2026-02-19 19:19:40 Request: GET units | Data: []
2026-02-19 19:21:27 Request: GET ingredient_categories | Data: []
2026-02-19 19:21:27 Request: GET units | Data: []
2026-02-19 19:21:35 Request: GET ingredient_categories | Data: []
2026-02-19 19:21:35 Request: GET units | Data: []
2026-02-19 19:21:46 Request: GET ingredient_categories | Data: []
2026-02-19 19:21:46 Request: GET units | Data: []
2026-02-19 19:25:50 Request: GET units | Data: []
2026-02-19 19:25:50 Request: GET ingredient_categories | Data: []
2026-02-19 19:25:58 Request: GET ingredient_categories | Data: []
2026-02-19 19:25:58 Request: GET units | Data: []
2026-02-19 19:26:08 Request: GET ingredient_categories | Data: []
2026-02-19 19:26:08 Request: GET units | Data: []
2026-02-19 19:27:46 Request: GET units | Data: []
2026-02-19 19:27:46 Request: GET ingredient_categories | Data: []
2026-02-19 19:27:51 Request: POST ingredients | Data: {"name":"sdsd","category_id":4,"unit_id":1,"current_quantity":0,"low_stock_threshold":5,"status":"active","created_at":"2026-02-19 18:27:51","updated_at":"2026-02-19 18:27:51","table":"ingredients"}
2026-02-19 19:29:16 Request: GET units | Data: []
2026-02-19 19:29:16 Request: GET ingredient_categories | Data: []
2026-02-19 19:29:18 Request: GET ingredient_categories | Data: []
2026-02-19 19:29:18 Request: GET units | Data: []
2026-02-19 19:29:21 Request: GET ingredient_categories | Data: []
2026-02-19 19:29:21 Request: GET units | Data: []
2026-02-19 19:29:27 Request: PUT ingredients | Data: {"name":"Beef","category_id":2,"unit_id":1,"current_quantity":0,"low_stock_threshold":34,"status":"active","created_at":"2026-02-19 18:29:27","updated_at":"2026-02-19 18:29:27","id":1,"table":"ingredients"}
2026-02-19 19:32:44 Request: GET units | Data: []
2026-02-19 19:32:44 Request: GET ingredient_categories | Data: []
2026-02-19 19:32:44 Request: GET ingredients | Data: []
2026-02-19 19:32:44 Request: GET ingredient_categories | Data: []
2026-02-19 19:32:44 Request: GET units | Data: []
2026-02-19 19:32:58 Request: GET ingredient_categories | Data: []
2026-02-19 19:32:58 Request: GET units | Data: []
2026-02-19 19:33:01 Request: GET ingredient_categories | Data: []
2026-02-19 19:33:01 Request: GET units | Data: []
2026-02-19 19:33:03 Request: GET ingredient_categories | Data: []
2026-02-19 19:33:03 Request: GET units | Data: []
2026-02-19 19:33:13 Request: PUT ingredients | Data: {"name":"hell","category_id":2,"unit_id":1,"current_quantity":0,"low_stock_threshold":455,"status":"active","created_at":"2026-02-19 18:33:13","updated_at":"2026-02-19 18:33:13","id":2,"table":"ingredients"}
2026-02-19 19:33:13 Request: GET ingredients | Data: []
2026-02-19 19:33:13 Request: GET ingredient_categories | Data: []
2026-02-19 19:33:13 Request: GET units | Data: []
2026-02-19 19:33:16 Request: GET units | Data: []
2026-02-19 19:33:16 Request: GET ingredient_categories | Data: []
2026-02-19 19:33:16 Request: GET ingredients | Data: []
2026-02-19 19:33:17 Request: GET ingredient_categories | Data: []
2026-02-19 19:33:17 Request: GET units | Data: []
2026-02-19 19:33:32 Request: GET ingredient_categories | Data: []
2026-02-19 19:33:32 Request: GET units | Data: []
2026-02-19 19:33:39 Request: POST ingredients | Data: {"name":"df","category_id":3,"unit_id":2,"current_quantity":0,"low_stock_threshold":45,"status":"active","created_at":"2026-02-19 18:33:39","updated_at":"2026-02-19 18:33:39","table":"ingredients"}
2026-02-19 19:33:39 Request: GET ingredients | Data: []
2026-02-19 19:33:39 Request: GET ingredient_categories | Data: []
2026-02-19 19:33:39 Request: GET units | Data: []
2026-02-19 19:33:56 Request: GET ingredient_categories | Data: []
2026-02-19 19:33:56 Request: GET units | Data: []
2026-02-19 19:34:00 Request: GET ingredient_categories | Data: []
2026-02-19 19:34:00 Request: GET units | Data: []
2026-02-19 19:34:09 Request: GET units | Data: []
2026-02-19 19:34:09 Request: GET ingredient_categories | Data: []
2026-02-19 19:34:09 Request: GET ingredients | Data: []
2026-02-19 19:34:09 Request: GET ingredient_categories | Data: []
2026-02-19 19:34:09 Request: GET units | Data: []
2026-02-19 19:34:15 Request: GET units | Data: []
2026-02-19 19:34:15 Request: GET ingredient_categories | Data: []
2026-02-19 19:34:15 Request: GET ingredients | Data: []
2026-02-19 19:34:15 Request: GET ingredient_categories | Data: []
2026-02-19 19:34:15 Request: GET units | Data: []
2026-02-19 19:34:17 Request: GET ingredient_categories | Data: []
2026-02-19 19:34:17 Request: GET units | Data: []
2026-02-19 19:37:56 Request: GET ingredients | Data: []
2026-02-19 19:37:56 Request: GET ingredient_categories | Data: []
2026-02-19 19:37:56 Request: GET units | Data: []
2026-02-19 19:38:17 Request: GET units | Data: []
2026-02-19 19:38:17 Request: GET ingredient_categories | Data: []
2026-02-19 19:38:17 Request: GET ingredients | Data: []
2026-02-19 19:38:17 Request: GET ingredient_categories | Data: []
2026-02-19 19:38:17 Request: GET units | Data: []
2026-02-19 19:38:19 Request: GET ingredient_categories | Data: []
2026-02-19 19:38:19 Request: GET units | Data: []
2026-02-19 19:38:22 Request: GET ingredient_categories | Data: []
2026-02-19 19:38:22 Request: GET units | Data: []
2026-02-19 19:38:29 Request: PUT ingredients | Data: {"name":"Chicken","category_id":5,"unit_id":2,"current_quantity":0,"low_stock_threshold":22,"status":"active","created_at":"2026-02-19 18:38:29","updated_at":"2026-02-19 18:38:29","id":2,"table":"ingredients"}
2026-02-19 19:38:29 Request: GET ingredients | Data: []
2026-02-19 19:38:29 Request: GET ingredient_categories | Data: []
2026-02-19 19:38:29 Request: GET units | Data: []
2026-02-19 19:38:35 Request: GET ingredients | Data: []
2026-02-19 19:38:35 Request: GET ingredient_categories | Data: []
2026-02-19 19:38:35 Request: GET units | Data: []
2026-02-19 19:38:38 Request: GET units | Data: []
2026-02-19 19:38:38 Request: GET ingredient_categories | Data: []
2026-02-19 19:38:38 Request: GET ingredients | Data: []
2026-02-19 19:38:38 Request: GET ingredient_categories | Data: []
2026-02-19 19:38:38 Request: GET units | Data: []
2026-02-19 19:40:10 Request: GET units | Data: []
2026-02-19 19:40:10 Request: GET ingredient_categories | Data: []
2026-02-19 19:40:10 Request: GET ingredients | Data: []
2026-02-19 19:40:10 Request: GET ingredient_categories | Data: []
2026-02-19 19:40:10 Request: GET units | Data: []
2026-02-19 19:40:11 Request: GET ingredients | Data: []
2026-02-19 19:40:12 Request: GET ingredient_categories | Data: []
2026-02-19 19:40:12 Request: GET units | Data: []
2026-02-19 19:40:19 Request: GET ingredients | Data: []
2026-02-19 19:40:21 Request: DELETE ingredients | Data: {"id":3,"table":"ingredients"}
2026-02-19 19:40:21 Request: GET ingredients | Data: []
2026-02-19 19:40:21 Request: GET ingredient_categories | Data: []
2026-02-19 19:40:21 Request: GET units | Data: []
2026-02-19 19:40:48 Request: GET units | Data: []
2026-02-19 19:40:48 Request: GET ingredient_categories | Data: []
2026-02-19 19:40:49 Request: GET ingredients | Data: []
2026-02-19 19:40:49 Request: GET ingredient_categories | Data: []
2026-02-19 19:40:49 Request: GET units | Data: []
2026-02-19 19:41:00 Request: GET ingredients | Data: []
2026-02-19 19:41:00 Request: GET ingredient_categories | Data: []
2026-02-19 19:41:00 Request: GET units | Data: []
2026-02-19 19:41:02 Request: GET ingredients | Data: []
2026-02-19 19:41:02 Request: GET ingredient_categories | Data: []
2026-02-19 19:41:02 Request: GET units | Data: []
2026-02-19 19:41:04 Request: GET ingredients | Data: []
2026-02-19 19:41:04 Request: GET ingredient_categories | Data: []
2026-02-19 19:41:04 Request: GET units | Data: []
2026-02-19 19:42:41 Request: GET units | Data: []
2026-02-19 19:42:41 Request: GET ingredient_categories | Data: []
2026-02-19 19:42:41 Request: GET ingredients | Data: []
2026-02-19 19:42:41 Request: GET ingredient_categories | Data: []
2026-02-19 19:42:41 Request: GET units | Data: []
2026-02-19 19:42:42 Request: GET ingredients | Data: []
2026-02-19 19:42:42 Request: GET ingredient_categories | Data: []
2026-02-19 19:42:42 Request: GET units | Data: []
2026-02-19 19:42:53 Request: GET units | Data: []
2026-02-19 19:42:53 Request: GET ingredient_categories | Data: []
2026-02-19 19:42:53 Request: GET ingredients | Data: []
2026-02-19 19:42:53 Request: GET ingredient_categories | Data: []
2026-02-19 19:42:53 Request: GET units | Data: []
2026-02-19 19:42:58 Request: GET ingredient_categories | Data: []
2026-02-19 19:42:58 Request: GET units | Data: []
2026-02-19 19:44:56 Request: GET units | Data: []
2026-02-19 19:44:56 Request: GET ingredient_categories | Data: []
2026-02-19 19:44:56 Request: GET ingredients | Data: []
2026-02-19 19:44:56 Request: GET ingredient_categories | Data: []
2026-02-19 19:44:56 Request: GET units | Data: []
2026-02-19 19:45:31 Request: GET ingredient_categories | Data: []
2026-02-19 19:45:31 Request: GET units | Data: []
2026-02-19 19:45:31 Request: GET ingredients | Data: []
2026-02-19 19:45:31 Request: GET ingredient_categories | Data: []
2026-02-19 19:45:31 Request: GET units | Data: []
2026-02-19 19:45:47 Request: GET units | Data: []
2026-02-19 19:45:47 Request: GET ingredient_categories | Data: []
2026-02-19 19:45:47 Request: GET ingredients | Data: []
2026-02-19 19:45:47 Request: GET ingredient_categories | Data: []
2026-02-19 19:45:47 Request: GET units | Data: []
2026-02-19 19:51:58 Request: GET roles | Data: []
2026-02-19 19:51:58 Request: GET roles | Data: []
2026-02-19 19:51:58 Request: GET users | Data: []
2026-02-19 19:51:58 Request: GET users | Data: []
2026-02-19 19:51:58 Request: POST users | Data: {"full_name":"vincent manalastas","username":"vince123","password_hash":"123","role_id":2,"status":"Active","last_login":null,"created_at":"2026-02-19 18:51:58","updated_at":"2026-02-19 18:51:58","table":"users"}
2026-02-19 19:51:58 Request: POST users | Data: {"full_name":"vincent manalastas","username":"vince123","password_hash":"123","role_id":2,"status":"Active","last_login":null,"created_at":"2026-02-19 18:51:58","updated_at":"2026-02-19 18:51:58","table":"users"}
2026-02-19 19:51:58 POST error: SQLSTATE[23000]: Integrity constraint violation: 1062 Duplicate entry 'vince123' for key 'username' | Data: {"full_name":"vincent manalastas","username":"vince123","password_hash":"$2y$10$lXigtiaKkkJui9jhNXKcTuhu6Tqr\/TftJTQg7j3B9.dhLXAavYXYa","role_id":2,"status":"Active","last_login":null,"created_at":"2026-02-19 18:51:58","updated_at":"2026-02-19 18:51:58"}
2026-02-19 19:55:36 Request: GET users | Data: []
2026-02-19 19:57:23 Request: GET users | Data: []
2026-02-19 19:57:23 Request: GET users | Data: []
2026-02-19 19:57:52 Request: GET users | Data: []
2026-02-19 19:57:52 Request: GET users | Data: []
2026-02-19 19:57:52 Request: GET users | Data: []
2026-02-19 19:57:52 Request: GET users | Data: []
2026-02-19 19:57:53 Request: GET users | Data: []
2026-02-19 19:57:53 Request: GET users | Data: []
2026-02-19 19:57:53 Request: GET users | Data: []
2026-02-19 19:57:53 Request: GET users | Data: []
2026-02-19 19:57:53 Request: GET users | Data: []
2026-02-19 19:57:53 Request: GET users | Data: []
2026-02-19 19:57:53 Request: GET users | Data: []
2026-02-19 19:57:53 Request: GET users | Data: []
2026-02-19 19:57:53 Request: GET users | Data: []
2026-02-19 19:57:53 Request: GET users | Data: []
2026-02-19 19:59:02 Request: GET users | Data: []
2026-02-19 20:01:20 Request: GET users | Data: []
2026-02-19 20:01:20 Request: GET users | Data: []
2026-02-19 20:01:25 Request: GET users | Data: []
2026-02-19 20:01:25 Request: GET roles | Data: []
2026-02-19 20:01:45 Request: GET users | Data: []
2026-02-19 20:01:46 Request: GET users | Data: []
2026-02-19 20:04:07 Request: GET users | Data: []
2026-02-19 20:04:07 Request: GET users | Data: []
2026-02-19 20:04:53 Request: GET users | Data: []
2026-02-19 20:04:53 Request: GET roles | Data: []
2026-02-19 20:04:53 Request: GET users | Data: []
2026-02-19 20:05:00 Request: GET users | Data: []
2026-02-19 20:05:00 Request: GET roles | Data: []
2026-02-19 20:05:15 Request: GET roles | Data: []
2026-02-19 20:05:15 Request: GET users | Data: []
2026-02-19 20:05:15 Request: PUT users | Data: {"id":10,"full_name":"Admin User","username":"admin","password_hash":"123","role_id":2,"status":"Active","last_login":null,"created_at":"2026-02-19 08:54:40","updated_at":"2026-02-19 19:05:15","deleted_at":null,"table":"users"}
2026-02-19 20:05:15 Request: GET users | Data: []
2026-02-19 20:05:15 Request: GET roles | Data: []
2026-02-19 20:05:15 Request: GET users | Data: []
2026-02-19 20:05:19 Request: GET users | Data: []
2026-02-19 20:05:19 Request: GET roles | Data: []
2026-02-19 20:05:22 Request: GET users | Data: []
2026-02-19 20:05:22 Request: GET roles | Data: []
2026-02-19 20:06:15 Request: GET users | Data: []
2026-02-19 20:06:15 Request: GET roles | Data: []
2026-02-19 20:06:15 Request: GET users | Data: []
2026-02-19 20:10:07 Request: GET users | Data: []
2026-02-19 20:10:07 Request: GET roles | Data: []
2026-02-19 20:10:07 Request: GET users | Data: []
2026-02-19 20:11:19 Request: GET roles | Data: []
2026-02-19 20:11:19 Request: GET users | Data: []
2026-02-19 20:11:19 Request: GET roles | Data: []
2026-02-19 20:11:19 Request: GET users | Data: []
2026-02-19 20:11:32 Request: GET users | Data: []
2026-02-19 20:11:32 Request: GET roles | Data: []
2026-02-19 20:12:06 Request: GET roles | Data: []
2026-02-19 20:12:06 Request: GET roles | Data: []
2026-02-19 20:12:06 Request: GET users | Data: []
2026-02-19 20:12:06 Request: GET roles | Data: []
2026-02-19 20:12:06 Request: GET users | Data: []
2026-02-19 20:12:08 Request: GET users | Data: []
2026-02-19 20:12:08 Request: GET roles | Data: []
2026-02-19 20:12:20 Request: GET users | Data: []
2026-02-19 20:12:48 Request: GET roles | Data: []
2026-02-19 20:12:48 Request: GET roles | Data: []
2026-02-19 20:12:48 Request: GET users | Data: []
2026-02-19 20:12:48 Request: GET roles | Data: []
2026-02-19 20:12:48 Request: GET users | Data: []
2026-02-19 20:12:51 Request: GET users | Data: []
2026-02-19 20:12:52 Request: PUT users | Data: {"id":11,"full_name":"vincent manalastas","username":"vince123","password_hash":"$2y$10$gLtbUjWQ9yZdjbWQMu5haeIvxoxBxkCVpeYAFEfM0nXmHIrF8Zyc6","role_id":2,"status":"Deleted","last_login":null,"created_at":"2026-02-19 18:51:58","updated_at":"2026-02-19 18:51:58","deleted_at":"2026-02-19 19:12:52","deleted_by":"Administrator","table":"users"}
2026-02-19 20:12:53 Request: GET users | Data: []
2026-02-19 20:12:53 Request: GET roles | Data: []
2026-02-19 20:12:53 Request: GET users | Data: []
2026-02-19 20:12:56 Request: GET roles | Data: []
2026-02-19 20:12:56 Request: GET users | Data: []
2026-02-19 20:12:56 Request: GET roles | Data: []
2026-02-19 20:12:56 Request: GET roles | Data: []
2026-02-19 20:12:56 Request: GET users | Data: []
2026-02-19 20:12:57 Request: GET roles | Data: []
2026-02-19 20:12:57 Request: GET users | Data: []
2026-02-19 20:12:57 Request: GET roles | Data: []
2026-02-19 20:12:57 Request: GET roles | Data: []
2026-02-19 20:12:57 Request: GET users | Data: []
2026-02-19 20:12:59 Request: GET ingredient_categories | Data: []
2026-02-19 20:12:59 Request: GET units | Data: []
2026-02-19 20:12:59 Request: GET ingredients | Data: []
2026-02-19 20:12:59 Request: GET ingredient_categories | Data: []
2026-02-19 20:12:59 Request: GET units | Data: []
2026-02-19 20:13:00 Request: GET roles | Data: []
2026-02-19 20:13:00 Request: GET users | Data: []
2026-02-19 20:13:00 Request: GET roles | Data: []
2026-02-19 20:13:00 Request: GET roles | Data: []
2026-02-19 20:13:00 Request: GET users | Data: []
2026-02-19 20:13:05 Request: GET users | Data: []
2026-02-19 20:13:07 Request: GET users | Data: []
2026-02-19 20:13:07 Request: GET users | Data: []
2026-02-19 20:13:07 Request: GET users | Data: []
2026-02-19 20:14:36 Request: GET roles | Data: []
2026-02-19 20:14:36 Request: GET users | Data: []
2026-02-19 20:14:36 Request: GET roles | Data: []
2026-02-19 20:14:36 Request: GET roles | Data: []
2026-02-19 20:14:36 Request: GET users | Data: []
2026-02-19 20:14:37 Request: GET users | Data: []
2026-02-19 20:14:37 Request: GET roles | Data: []
2026-02-19 20:14:37 Request: GET roles | Data: []
2026-02-19 20:14:37 Request: GET roles | Data: []
2026-02-19 20:14:37 Request: GET users | Data: []
2026-02-19 20:14:40 Request: GET roles | Data: []
2026-02-19 20:14:40 Request: GET users | Data: []
2026-02-19 20:14:40 Request: GET roles | Data: []
2026-02-19 20:14:40 Request: GET roles | Data: []
2026-02-19 20:14:40 Request: GET users | Data: []
2026-02-19 20:14:42 Request: GET users | Data: []
2026-02-19 20:14:43 Request: PUT users | Data: {"id":11,"deleted_at":null,"table":"users"}
2026-02-19 20:14:43 Request: GET users | Data: []
2026-02-19 20:14:43 Request: GET roles | Data: []
2026-02-19 20:14:43 Request: GET users | Data: []
2026-02-19 20:14:47 Request: GET units | Data: []
2026-02-19 20:14:47 Request: GET ingredient_categories | Data: []
2026-02-19 20:14:47 Request: GET ingredients | Data: []
2026-02-19 20:14:47 Request: GET ingredient_categories | Data: []
2026-02-19 20:14:47 Request: GET units | Data: []
2026-02-19 20:14:51 Request: GET roles | Data: []
2026-02-19 20:14:51 Request: GET users | Data: []
2026-02-19 20:14:51 Request: GET roles | Data: []
2026-02-19 20:14:51 Request: GET roles | Data: []
2026-02-19 20:14:51 Request: GET users | Data: []
2026-02-19 20:15:00 Request: GET units | Data: []
2026-02-19 20:15:00 Request: GET ingredient_categories | Data: []
2026-02-19 20:15:00 Request: GET ingredients | Data: []
2026-02-19 20:15:00 Request: GET ingredient_categories | Data: []
2026-02-19 20:15:00 Request: GET units | Data: []
2026-02-19 20:15:26 Request: GET roles | Data: []
2026-02-19 20:15:26 Request: GET users | Data: []
2026-02-19 20:15:26 Request: GET roles | Data: []
2026-02-19 20:15:26 Request: GET roles | Data: []
2026-02-19 20:15:26 Request: GET users | Data: []
2026-02-19 20:16:50 Request: GET roles | Data: []
2026-02-19 20:16:50 Request: GET roles | Data: []
2026-02-19 20:16:50 Request: GET users | Data: []
2026-02-19 20:16:50 Request: GET roles | Data: []
2026-02-19 20:16:50 Request: GET users | Data: []
2026-02-19 20:16:52 Request: GET units | Data: []
2026-02-19 20:16:52 Request: GET ingredient_categories | Data: []
2026-02-19 20:16:52 Request: GET ingredients | Data: []
2026-02-19 20:16:52 Request: GET ingredient_categories | Data: []
2026-02-19 20:16:52 Request: GET units | Data: []
2026-02-19 20:16:59 Request: GET units | Data: []
2026-02-19 20:16:59 Request: GET ingredient_categories | Data: []
2026-02-19 20:16:59 Request: GET ingredients | Data: []
2026-02-19 20:16:59 Request: GET ingredient_categories | Data: []
2026-02-19 20:16:59 Request: GET units | Data: []
2026-02-19 20:17:03 Request: GET roles | Data: []
2026-02-19 20:17:03 Request: GET users | Data: []
2026-02-19 20:17:03 Request: GET roles | Data: []
2026-02-19 20:17:03 Request: GET roles | Data: []
2026-02-19 20:17:03 Request: GET users | Data: []
2026-02-19 20:17:03 Request: GET units | Data: []
2026-02-19 20:17:03 Request: GET ingredient_categories | Data: []
2026-02-19 20:17:03 Request: GET ingredients | Data: []
2026-02-19 20:17:03 Request: GET ingredient_categories | Data: []
2026-02-19 20:17:03 Request: GET units | Data: []
2026-02-19 20:17:07 Request: GET units | Data: []
2026-02-19 20:17:07 Request: GET ingredient_categories | Data: []
2026-02-19 20:17:07 Request: GET ingredients | Data: []
2026-02-19 20:17:07 Request: GET ingredient_categories | Data: []
2026-02-19 20:17:07 Request: GET units | Data: []
2026-02-19 20:17:07 Request: GET roles | Data: []
2026-02-19 20:17:07 Request: GET users | Data: []
2026-02-19 20:17:07 Request: GET roles | Data: []
2026-02-19 20:17:07 Request: GET roles | Data: []
2026-02-19 20:17:07 Request: GET users | Data: []
2026-02-19 20:17:08 Request: GET users | Data: []
2026-02-19 20:17:08 Request: GET roles | Data: []
2026-02-19 20:17:13 Request: GET units | Data: []
2026-02-19 20:17:13 Request: GET ingredient_categories | Data: []
2026-02-19 20:17:13 Request: GET ingredients | Data: []
2026-02-19 20:17:13 Request: GET ingredient_categories | Data: []
2026-02-19 20:17:13 Request: GET units | Data: []
2026-02-19 20:17:14 Request: GET ingredients | Data: []
2026-02-19 20:17:14 Request: GET ingredient_categories | Data: []
2026-02-19 20:17:14 Request: GET units | Data: []
2026-02-19 20:17:18 Request: GET ingredients | Data: []
2026-02-19 20:17:18 Request: GET ingredient_categories | Data: []
2026-02-19 20:17:18 Request: GET units | Data: []
2026-02-19 20:19:27 Request: GET units | Data: []
2026-02-19 20:19:27 Request: GET ingredient_categories | Data: []
2026-02-19 20:19:27 Request: GET ingredients | Data: []
2026-02-19 20:19:28 Request: GET ingredient_categories | Data: []
2026-02-19 20:19:28 Request: GET units | Data: []
2026-02-20 10:01:19 Request: GET users | Data: []
2026-02-20 10:01:41 Request: GET roles | Data: []
2026-02-20 10:01:41 Request: GET users | Data: []
2026-02-20 10:01:41 Request: GET roles | Data: []
2026-02-20 10:01:41 Request: GET roles | Data: []
2026-02-20 10:01:41 Request: GET users | Data: []
2026-02-20 10:01:49 Request: GET users | Data: []
2026-02-20 10:01:52 Request: GET users | Data: []
2026-02-20 10:01:53 Request: PUT users | Data: {"id":11,"full_name":"vincent manalastas","username":"vince123","password_hash":"$2y$10$G88aJZyf99qI.m.R8BD9tuxsU.KiysOipHwcZxSKnu5zzonFGsb5e","role_id":2,"status":"Deleted","last_login":null,"created_at":"2026-02-19 18:51:58","updated_at":"2026-02-19 18:51:58","deleted_at":"2026-02-20 09:01:53","deleted_by":"Administrator","table":"users"}
2026-02-20 10:01:54 Request: GET users | Data: []
2026-02-20 10:01:54 Request: GET roles | Data: []
2026-02-20 10:01:54 Request: GET users | Data: []
2026-02-20 10:02:27 Request: GET users | Data: []
2026-02-20 10:02:27 Request: GET users | Data: []
2026-02-20 10:02:27 Request: GET users | Data: []
2026-02-20 10:02:27 Request: GET users | Data: []
2026-02-20 10:02:27 Request: GET users | Data: []
2026-02-20 10:02:27 Request: GET users | Data: []
2026-02-20 10:02:27 Request: GET users | Data: []
2026-02-20 10:02:27 Request: GET users | Data: []
2026-02-20 10:02:36 Request: GET users | Data: []
2026-02-20 10:02:36 Request: GET users | Data: []
2026-02-20 10:02:42 Request: PUT users | Data: {"id":11,"deleted_at":null,"table":"users"}
2026-02-20 10:02:42 Request: GET users | Data: []
2026-02-20 10:02:42 Request: GET roles | Data: []
2026-02-20 10:02:42 Request: GET users | Data: []
2026-02-20 10:03:19 Request: GET users | Data: []
2026-02-20 10:03:20 Request: GET users | Data: []
2026-02-20 10:03:20 Request: GET roles | Data: []
2026-02-20 10:03:20 Request: GET roles | Data: []
2026-02-20 10:03:20 Request: GET roles | Data: []
2026-02-20 10:03:20 Request: GET users | Data: []
2026-02-20 10:03:22 Request: GET users | Data: []
2026-02-20 10:03:23 Request: PUT users | Data: {"id":11,"full_name":"vincent manalastas","username":"vince123","password_hash":"$2y$10$a4z19W6s3okXnIWSxaqKiufJO4RrJFaZY5FgcHaRdkWl6yXoNSqSW","role_id":2,"status":"Deleted","last_login":null,"created_at":"2026-02-19 18:51:58","updated_at":"2026-02-19 18:51:58","deleted_at":"2026-02-20 09:03:23","deleted_by":"Administrator","table":"users"}
2026-02-20 10:03:23 Request: GET users | Data: []
2026-02-20 10:03:23 Request: GET roles | Data: []
2026-02-20 10:03:24 Request: GET users | Data: []
2026-02-20 10:03:26 Request: GET users | Data: []
2026-02-20 10:03:27 Request: DELETE users | Data: {"id":11,"table":"users"}
2026-02-20 10:03:27 Request: GET users | Data: []
2026-02-20 10:03:27 Request: GET roles | Data: []
2026-02-20 10:03:27 Request: GET users | Data: []
2026-02-20 10:03:40 Request: GET roles | Data: []
2026-02-20 10:03:40 Request: GET roles | Data: []
2026-02-20 10:03:52 Request: GET roles | Data: []
2026-02-20 10:03:52 Request: GET roles | Data: []
2026-02-20 10:03:52 Request: GET roles | Data: []
2026-02-20 10:03:52 Request: GET roles | Data: []
2026-02-20 10:03:52 Request: GET roles | Data: []
2026-02-20 10:03:52 Request: GET roles | Data: []
2026-02-20 10:03:52 Request: GET roles | Data: []
2026-02-20 10:03:52 Request: GET roles | Data: []
2026-02-20 10:03:52 Request: GET roles | Data: []
2026-02-20 10:03:52 Request: GET roles | Data: []
2026-02-20 10:03:52 Request: GET roles | Data: []
2026-02-20 10:03:52 Request: GET roles | Data: []
2026-02-20 10:03:52 Request: GET roles | Data: []
2026-02-20 10:03:53 Request: GET roles | Data: []
2026-02-20 10:03:53 Request: GET roles | Data: []
2026-02-20 10:03:53 Request: GET roles | Data: []
2026-02-20 10:03:56 Request: GET roles | Data: []
2026-02-20 10:03:56 Request: GET roles | Data: []
2026-02-20 10:06:30 Request: GET roles | Data: []
2026-02-20 10:06:30 Request: GET roles | Data: []
2026-02-20 11:20:41 Request: GET roles | Data: []
2026-02-20 11:20:41 Request: GET users | Data: []
2026-02-20 11:20:41 Request: GET roles | Data: []
2026-02-20 11:20:41 Request: GET roles | Data: []
2026-02-20 11:20:41 Request: GET users | Data: []
2026-02-20 11:20:50 Request: GET roles | Data: []
2026-02-20 11:20:50 Request: GET roles | Data: []
2026-02-20 11:26:52 Request: GET roles | Data: []
2026-02-20 11:26:52 Request: GET users | Data: []
2026-02-20 11:26:52 Request: GET roles | Data: []
2026-02-20 11:26:52 Request: GET roles | Data: []
2026-02-20 11:26:52 Request: GET users | Data: []
2026-02-20 11:27:00 Request: GET roles | Data: []
2026-02-20 11:27:00 Request: GET roles | Data: []
2026-02-20 11:27:00 Request: GET users | Data: []
2026-02-20 11:27:00 Request: GET users | Data: []
2026-02-20 11:27:00 Request: POST users | Data: {"full_name":"vincent manalastas","username":"vince123","password_hash":"123","role_id":1,"status":"Active","last_login":null,"created_at":"2026-02-20 10:27:00","updated_at":"2026-02-20 10:27:00","table":"users"}
2026-02-20 11:27:00 Request: POST users | Data: {"full_name":"vincent manalastas","username":"vince123","password_hash":"123","role_id":1,"status":"Active","last_login":null,"created_at":"2026-02-20 10:27:00","updated_at":"2026-02-20 10:27:00","table":"users"}
2026-02-20 11:27:00 POST error: SQLSTATE[23000]: Integrity constraint violation: 1062 Duplicate entry 'vince123' for key 'username' | Data: {"full_name":"vincent manalastas","username":"vince123","password_hash":"$2y$10$qwn1R\/uKfAKY9DLE5mz0B.o6y2yjNnFsNwwPmzvOFISm1HF9nT7dK","role_id":1,"status":"Active","last_login":null,"created_at":"2026-02-20 10:27:00","updated_at":"2026-02-20 10:27:00"}
2026-02-20 11:27:00 Request: GET users | Data: []
2026-02-20 11:27:00 Request: GET users | Data: []
2026-02-20 11:27:00 Request: GET roles | Data: []
2026-02-20 11:27:00 Request: GET roles | Data: []
2026-02-20 11:27:00 Request: GET users | Data: []
2026-02-20 11:27:00 Request: GET users | Data: []
2026-02-20 11:27:05 Request: GET users | Data: []
2026-02-20 11:27:05 Request: GET roles | Data: []
2026-02-20 11:27:10 Request: GET roles | Data: []
2026-02-20 11:27:10 Request: GET users | Data: []
2026-02-20 11:27:10 Request: PUT users | Data: {"id":13,"full_name":"vincent manalastas","username":"vince123","password_hash":"$2y$10$\/fFkp8QcaqZEsBerg9doreTXIylnrAdec9M1q.0QOznOjb2ArzjF6","role_id":2,"status":"Active","last_login":null,"created_at":"2026-02-20 10:27:00","updated_at":"2026-02-20 10:27:10","deleted_at":null,"table":"users"}
2026-02-20 11:27:10 Request: GET users | Data: []
2026-02-20 11:27:10 Request: GET roles | Data: []
2026-02-20 11:27:10 Request: GET users | Data: []
2026-02-20 11:27:16 Request: GET users | Data: []
2026-02-20 11:27:17 Request: PUT users | Data: {"id":13,"full_name":"vincent manalastas","username":"vince123","password_hash":"$2y$10$o0vfjNJqKCJy9nis8q4iG.c150peWmMohG9Xg8ftjh6qtdn.mQGly","role_id":2,"status":"Deleted","last_login":null,"created_at":"2026-02-20 10:27:00","updated_at":"2026-02-20 10:27:10","deleted_at":"2026-02-20 10:27:17","deleted_by":"Administrator","table":"users"}
2026-02-20 11:27:17 Request: GET users | Data: []
2026-02-20 11:27:17 Request: GET roles | Data: []
2026-02-20 11:27:17 Request: GET users | Data: []
2026-02-20 11:27:22 Request: GET users | Data: []
2026-02-20 11:27:23 Request: PUT users | Data: {"id":13,"deleted_at":null,"table":"users"}
2026-02-20 11:27:23 Request: GET users | Data: []
2026-02-20 11:27:23 Request: GET roles | Data: []
2026-02-20 11:27:23 Request: GET users | Data: []
2026-02-20 11:27:50 Request: GET users | Data: []
2026-02-20 11:27:53 Request: GET roles | Data: []
2026-02-20 11:27:53 Request: GET users | Data: []
2026-02-20 11:27:53 Request: GET roles | Data: []
2026-02-20 11:27:53 Request: GET roles | Data: []
2026-02-20 11:27:53 Request: GET users | Data: []
2026-02-20 11:27:55 Request: GET users | Data: []
2026-02-20 11:27:55 Request: GET roles | Data: []
2026-02-20 11:28:04 Request: GET roles | Data: []
2026-02-20 11:28:04 Request: GET users | Data: []
2026-02-20 11:28:04 Request: PUT users | Data: {"id":13,"full_name":"vincent manalastas","username":"vince123","password_hash":"123","role_id":2,"status":"","last_login":null,"created_at":"2026-02-20 10:27:00","updated_at":"2026-02-20 10:28:04","deleted_at":null,"table":"users"}
2026-02-20 11:28:04 Request: GET users | Data: []
2026-02-20 11:28:04 Request: GET roles | Data: []
2026-02-20 11:28:04 Request: GET users | Data: []
2026-02-20 11:37:58 Request: GET users | Data: []
2026-02-20 11:38:03 Request: GET units | Data: []
2026-02-20 11:38:03 Request: GET ingredient_categories | Data: []
2026-02-20 11:38:03 Request: GET ingredients | Data: []
2026-02-20 11:38:03 Request: GET ingredient_categories | Data: []
2026-02-20 11:38:03 Request: GET units | Data: []
2026-02-20 13:10:48 Request: GET users | Data: []
2026-02-20 13:10:48 Request: GET roles | Data: []
2026-02-20 13:10:48 Request: GET roles | Data: []
2026-02-20 13:10:48 Request: GET roles | Data: []
2026-02-20 13:10:48 Request: GET users | Data: []
2026-02-20 13:10:49 Request: GET units | Data: []
2026-02-20 13:10:49 Request: GET ingredient_categories | Data: []
2026-02-20 13:10:49 Request: GET ingredients | Data: []
2026-02-20 13:10:49 Request: GET ingredient_categories | Data: []
2026-02-20 13:10:49 Request: GET units | Data: []
2026-02-20 13:10:52 Request: GET roles | Data: []
2026-02-20 13:10:52 Request: GET users | Data: []
2026-02-20 13:10:52 Request: GET roles | Data: []
2026-02-20 13:10:52 Request: GET roles | Data: []
2026-02-20 13:10:52 Request: GET users | Data: []
2026-02-20 13:10:53 Request: GET units | Data: []
2026-02-20 13:10:53 Request: GET ingredient_categories | Data: []
2026-02-20 13:10:53 Request: GET ingredients | Data: []
2026-02-20 13:10:53 Request: GET ingredient_categories | Data: []
2026-02-20 13:10:53 Request: GET units | Data: []
2026-02-20 13:23:50 Request: GET units | Data: []
2026-02-20 13:23:50 Request: GET ingredient_categories | Data: []
2026-02-20 13:23:50 Request: GET ingredients | Data: []
2026-02-20 13:23:50 Request: GET ingredient_categories | Data: []
2026-02-20 13:23:50 Request: GET units | Data: []
2026-02-20 14:38:39 Request: GET units | Data: []
2026-02-20 14:38:39 Request: GET ingredient_categories | Data: []
2026-02-20 14:38:39 Request: GET ingredients | Data: []
2026-02-20 14:38:39 Request: GET ingredient_categories | Data: []
2026-02-20 14:38:39 Request: GET units | Data: []
2026-02-20 15:00:09 Request: GET menu_items | Data: []
2026-02-20 15:01:55 Request: GET units | Data: []
2026-02-20 15:01:55 Request: GET ingredient_categories | Data: []
2026-02-20 15:01:55 Request: GET ingredients | Data: []
2026-02-20 15:01:55 Request: GET ingredient_categories | Data: []
2026-02-20 15:01:55 Request: GET units | Data: []
2026-02-20 15:03:49 Request: GET menu_items | Data: []
2026-02-20 15:03:53 Request: GET menu_items | Data: []
2026-02-20 15:03:56 Request: GET menu_items | Data: []
2026-02-20 15:03:58 Request: GET menu_categories | Data: []
2026-02-20 15:04:00 Request: GET menu_items | Data: []
